<?xml version="1.0" encoding="UTF-8"?>
<testng-results ignored="0" total="1" passed="1" failed="0" skipped="0">
  <reporter-output>
  </reporter-output>
  <suite started-at="2022-02-01T15:49:59 IST" name="Default suite" finished-at="2022-02-01T15:49:59 IST" duration-ms="164">
    <groups>
    </groups>
    <test started-at="2022-02-01T15:49:59 IST" name="Default test" finished-at="2022-02-01T15:49:59 IST" duration-ms="164">
      <class name="createneworgTest.createorg">
        <test-method signature="createOrgTest()[pri:0, instance:createneworgTest.createorg@74455848]" started-at="2022-02-01T15:49:59 IST" name="createOrgTest" finished-at="2022-02-01T15:49:59 IST" duration-ms="22" status="PASS">
          <reporter-output>
          </reporter-output>
        </test-method> <!-- createOrgTest -->
      </class> <!-- createneworgTest.createorg -->
    </test> <!-- Default test -->
  </suite> <!-- Default suite -->
</testng-results>
